<?xml version="1.0" encoding="UTF-8"?>
<testng-results ignored="0" total="1" passed="1" failed="0" skipped="0">
  <reporter-output>
  </reporter-output>
  <suite started-at="2024-05-04T16:38:12 IST" name="Default suite" finished-at="2024-05-04T16:38:39 IST" duration-ms="26756">
    <groups>
    </groups>
    <test started-at="2024-05-04T16:38:12 IST" name="Default test" finished-at="2024-05-04T16:38:39 IST" duration-ms="26756">
      <class name="com.FabIndiaStore.testcases.TC_validateAllTabsInHomePage">
        <test-method is-config="true" signature="setup()[pri:0, instance:com.FabIndiaStore.testcases.TC_validateAllTabsInHomePage@4be29ed9]" started-at="2024-05-04T16:38:12 IST" name="setup" finished-at="2024-05-04T16:38:24 IST" duration-ms="12066" status="PASS">
          <reporter-output>
          </reporter-output>
        </test-method> <!-- setup -->
        <test-method signature="validateAllProductTab()[pri:0, instance:com.FabIndiaStore.testcases.TC_validateAllTabsInHomePage@4be29ed9]" started-at="2024-05-04T16:38:24 IST" name="validateAllProductTab" finished-at="2024-05-04T16:38:39 IST" duration-ms="14628" status="PASS">
          <reporter-output>
          </reporter-output>
        </test-method> <!-- validateAllProductTab -->
      </class> <!-- com.FabIndiaStore.testcases.TC_validateAllTabsInHomePage -->
    </test> <!-- Default test -->
  </suite> <!-- Default suite -->
</testng-results>
